0 info it worked if it ends with ok
1 verbose cli [ '/usr/local/bin/node', '/usr/local/bin/npm', 'start' ]
2 info using npm@3.8.9
3 info using node@v5.3.0
4 verbose run-script [ 'prestart', 'start', 'poststart' ]
5 info lifecycle stretto@0.0.5~prestart: stretto@0.0.5
6 silly lifecycle stretto@0.0.5~prestart: no script for prestart, continuing
7 info lifecycle stretto@0.0.5~start: stretto@0.0.5
8 verbose lifecycle stretto@0.0.5~start: unsafe-perm in lifecycle true
9 verbose lifecycle stretto@0.0.5~start: PATH: /usr/local/lib/node_modules/npm/bin/node-gyp-bin:/Users/prudhvirampey/Documents/Encore/node_modules/.bin:/usr/local/bin:/usr/local/bin:/usr/local/sbin:/usr/bin:/bin:/usr/sbin:/sbin://anaconda/bin:/opt/X11/bin
10 verbose lifecycle stretto@0.0.5~start: CWD: /Users/prudhvirampey/Documents/Encore
11 silly lifecycle stretto@0.0.5~start: Args: [ '-c', 'node app.js' ]
12 silly lifecycle stretto@0.0.5~start: Returned: code: 1  signal: null
13 info lifecycle stretto@0.0.5~start: Failed to exec start script
14 verbose stack Error: stretto@0.0.5 start: `node app.js`
14 verbose stack Exit status 1
14 verbose stack     at EventEmitter.<anonymous> (/usr/local/lib/node_modules/npm/lib/utils/lifecycle.js:245:16)
14 verbose stack     at emitTwo (events.js:87:13)
14 verbose stack     at EventEmitter.emit (events.js:172:7)
14 verbose stack     at ChildProcess.<anonymous> (/usr/local/lib/node_modules/npm/lib/utils/spawn.js:24:14)
14 verbose stack     at emitTwo (events.js:87:13)
14 verbose stack     at ChildProcess.emit (events.js:172:7)
14 verbose stack     at maybeClose (internal/child_process.js:818:16)
14 verbose stack     at Process.ChildProcess._handle.onexit (internal/child_process.js:211:5)
15 verbose pkgid stretto@0.0.5
16 verbose cwd /Users/prudhvirampey/Documents/Encore
17 error Darwin 16.3.0
18 error argv "/usr/local/bin/node" "/usr/local/bin/npm" "start"
19 error node v5.3.0
20 error npm  v3.8.9
21 error code ELIFECYCLE
22 error stretto@0.0.5 start: `node app.js`
22 error Exit status 1
23 error Failed at the stretto@0.0.5 start script 'node app.js'.
23 error Make sure you have the latest version of node.js and npm installed.
23 error If you do, this is most likely a problem with the stretto package,
23 error not with npm itself.
23 error Tell the author that this fails on your system:
23 error     node app.js
23 error You can get information on how to open an issue for this project with:
23 error     npm bugs stretto
23 error Or if that isn't available, you can get their info via:
23 error     npm owner ls stretto
23 error There is likely additional logging output above.
24 verbose exit [ 1, true ]
